<?xml version="1.0" encoding="UTF-8"?>
<!-- Generated by org.testng.reporters.JUnitReportReporter -->
<testsuite skipped="0" hostname="LAPTOP-8HJKLKLP" name="acme.RunTest" tests="1" failures="0" timestamp="2020-08-23T12:21:04 IST" time="27.800" errors="0">
  <testcase name="runTest" time="27.800" classname="acme.RunTest"/>
  <system-out/>
</testsuite> <!-- acme.RunTest -->
